<?xml version="1.0" encoding="UTF-8"?>
<!-- Generated by org.testng.reporters.JUnitXMLReporter -->
<testsuite ignored="0" hostname="JARVIS" failures="0" tests="13" name="Test" time="0.781" errors="0" timestamp="2023-06-05T20:55:40 IST">
  <testcase classname="com.seleniumTest.WebLoginPages" name="@BeforeMethod init" time="0.417">
    <failure type="java.lang.NullPointerException" message="Cannot invoke &amp;quot;org.openqa.selenium.WebDriver.get(String)&amp;quot; because &amp;quot;com.seleniumClass.BaseClass.driver&amp;quot; is null">
      <![CDATA[java.lang.NullPointerException: Cannot invoke "org.openqa.selenium.WebDriver.get(String)" because "com.seleniumClass.BaseClass.driver" is null
at com.seleniumClass.BaseClass.initialization(BaseClass.java:16)
at com.seleniumTest.WebLoginPages.init(WebLoginPages.java:31)
at java.base/java.util.ArrayList.forEach(ArrayList.java:1511)
at com.intellij.rt.testng.IDEARemoteTestNG.run(IDEARemoteTestNG.java:66)
at com.intellij.rt.testng.RemoteTestNGStarter.main(RemoteTestNGStarter.java:105)
... Removed 26 stack frames]]>
    </failure>
  </testcase> <!-- @BeforeMethod init -->
  <testcase classname="com.seleniumTest.WebLoginPages" name="@AfterMethod browserClose" time="0.0">
    <skipped/>
  </testcase> <!-- @AfterMethod browserClose -->
  <testcase classname="com.seleniumTest.WebLoginPages" name="@BeforeMethod init" time="0.0">
    <skipped/>
  </testcase> <!-- @BeforeMethod init -->
  <testcase classname="com.seleniumTest.WebLoginPages" name="@AfterMethod browserClose" time="0.0">
    <skipped/>
  </testcase> <!-- @AfterMethod browserClose -->
  <testcase classname="com.seleniumTest.WebLoginPages" name="@BeforeMethod init" time="0.0">
    <skipped/>
  </testcase> <!-- @BeforeMethod init -->
  <testcase classname="com.seleniumTest.WebLoginPages" name="@AfterMethod browserClose" time="0.0">
    <skipped/>
  </testcase> <!-- @AfterMethod browserClose -->
  <testcase classname="com.seleniumTest.WebLoginPages" name="@BeforeMethod init" time="0.0">
    <skipped/>
  </testcase> <!-- @BeforeMethod init -->
  <testcase classname="com.seleniumTest.WebLoginPages" name="@AfterMethod browserClose" time="0.0">
    <skipped/>
  </testcase> <!-- @AfterMethod browserClose -->
  <testcase classname="com.seleniumTest.WebLoginPages" name="@BeforeMethod init" time="0.0">
    <skipped/>
  </testcase> <!-- @BeforeMethod init -->
  <testcase classname="com.seleniumTest.WebLoginPages" name="@AfterMethod browserClose" time="0.0">
    <skipped/>
  </testcase> <!-- @AfterMethod browserClose -->
  <testcase classname="com.seleniumTest.WebLoginPages" name="@BeforeMethod init" time="0.0">
    <skipped/>
  </testcase> <!-- @BeforeMethod init -->
  <testcase classname="com.seleniumTest.WebLoginPages" name="@AfterMethod browserClose" time="0.0">
    <skipped/>
  </testcase> <!-- @AfterMethod browserClose -->
  <testcase classname="com.seleniumTest.WebLoginPages" name="@BeforeMethod init" time="0.0">
    <skipped/>
  </testcase> <!-- @BeforeMethod init -->
  <testcase classname="com.seleniumTest.WebLoginPages" name="@AfterMethod browserClose" time="0.0">
    <skipped/>
  </testcase> <!-- @AfterMethod browserClose -->
  <testcase classname="com.seleniumTest.WebLoginPages" name="@BeforeMethod init" time="0.0">
    <skipped/>
  </testcase> <!-- @BeforeMethod init -->
  <testcase classname="com.seleniumTest.WebLoginPages" name="@AfterMethod browserClose" time="0.0">
    <skipped/>
  </testcase> <!-- @AfterMethod browserClose -->
  <testcase classname="com.seleniumTest.WebLoginPages" name="@BeforeMethod init" time="0.0">
    <skipped/>
  </testcase> <!-- @BeforeMethod init -->
  <testcase classname="com.seleniumTest.WebLoginPages" name="@AfterMethod browserClose" time="0.0">
    <skipped/>
  </testcase> <!-- @AfterMethod browserClose -->
  <testcase classname="com.seleniumTest.WebLoginPages" name="@BeforeMethod init" time="0.0">
    <skipped/>
  </testcase> <!-- @BeforeMethod init -->
  <testcase classname="com.seleniumTest.WebLoginPages" name="@AfterMethod browserClose" time="0.0">
    <skipped/>
  </testcase> <!-- @AfterMethod browserClose -->
  <testcase classname="com.seleniumTest.WebLoginPages" name="@BeforeMethod init" time="0.0">
    <skipped/>
  </testcase> <!-- @BeforeMethod init -->
  <testcase classname="com.seleniumTest.WebLoginPages" name="@AfterMethod browserClose" time="0.0">
    <skipped/>
  </testcase> <!-- @AfterMethod browserClose -->
  <testcase classname="com.seleniumTest.WebLoginPages" name="@BeforeMethod init" time="0.0">
    <skipped/>
  </testcase> <!-- @BeforeMethod init -->
  <testcase classname="com.seleniumTest.WebLoginPages" name="@AfterMethod browserClose" time="0.0">
    <skipped/>
  </testcase> <!-- @AfterMethod browserClose -->
  <testcase classname="com.seleniumTest.WebLoginPages" name="@BeforeMethod init" time="0.0">
    <skipped/>
  </testcase> <!-- @BeforeMethod init -->
  <testcase classname="com.seleniumTest.WebLoginPages" name="@AfterMethod browserClose" time="0.0">
    <skipped/>
  </testcase> <!-- @AfterMethod browserClose -->
  <testcase classname="com.seleniumTest.WebLoginPages" name="assertionTestNGTest" time="0.0">
    <skipped/>
  </testcase> <!-- assertionTestNGTest -->
  <testcase classname="com.seleniumTest.WebLoginPages" name="crossBrowserTesting" time="0.0">
    <skipped/>
  </testcase> <!-- crossBrowserTesting -->
  <testcase classname="com.seleniumTest.WebLoginPages" name="enterDataAndTime" time="0.0">
    <skipped/>
  </testcase> <!-- enterDataAndTime -->
  <testcase classname="com.seleniumTest.WebLoginPages" name="facebookLoginPage" time="0.0">
    <skipped/>
  </testcase> <!-- facebookLoginPage -->
  <testcase classname="com.seleniumTest.WebLoginPages" name="failedTestNGCase" time="0.0">
    <skipped/>
  </testcase> <!-- failedTestNGCase -->
  <testcase classname="com.seleniumTest.WebLoginPages" name="givenTestNGListener" time="0.0">
    <skipped/>
  </testcase> <!-- givenTestNGListener -->
  <testcase classname="com.seleniumTest.WebLoginPages" name="instagramLoginPage" time="0.0">
    <skipped/>
  </testcase> <!-- instagramLoginPage -->
  <testcase classname="com.seleniumTest.WebLoginPages" name="loggerDemo" time="0.0">
    <skipped/>
  </testcase> <!-- loggerDemo -->
  <testcase classname="com.seleniumTest.WebLoginPages" name="loginWithoutPOM" time="0.0">
    <skipped/>
  </testcase> <!-- loginWithoutPOM -->
  <testcase classname="com.seleniumTest.WebLoginPages" name="openNewTabOrWindow" time="0.0">
    <skipped/>
  </testcase> <!-- openNewTabOrWindow -->
  <testcase classname="com.seleniumTest.WebLoginPages" name="scrollWebPages" time="0.0">
    <skipped/>
  </testcase> <!-- scrollWebPages -->
  <testcase classname="com.seleniumTest.WebLoginPages" name="skippedTestNGCase" time="0.0">
    <skipped/>
  </testcase> <!-- skippedTestNGCase -->
  <testcase classname="com.seleniumTest.WebLoginPages" name="takeScreenShots" time="0.0">
    <skipped/>
  </testcase> <!-- takeScreenShots -->
</testsuite> <!-- Test -->
